<?xml version="1.0" encoding="UTF-8"?>
<!-- Generated by org.testng.reporters.JUnitReportReporter -->
<testsuite skipped="0" hostname="DESKTOP-VBBRE24" name="Testng.HomeTest" tests="1" failures="0" timestamp="2020-07-09T11:25:01 IST" time="1.840" errors="0">
  <testcase name="Forget_Pass" time="1.840" classname="Testng.HomeTest"/>
  <system-out/>
</testsuite> <!-- Testng.HomeTest -->
