<?xml version="1.0" encoding="UTF-8"?>
<!-- Generated by org.testng.reporters.JUnitReportReporter -->
<testsuite skipped="0" hostname="DESKTOP-VBBRE24" name="Testng.anonation" tests="3" failures="0" timestamp="2020-07-09T11:21:53 IST" time="0.053" errors="0">
  <testcase name="ForgetPassword" time="0.035" classname="Testng.anonation"/>
  <system-out/>
  <testcase name="Logout" time="0.011" classname="Testng.anonation"/>
  <system-out/>
  <testcase name="Login" time="0.007" classname="Testng.anonation"/>
  <system-out/>
</testsuite> <!-- Testng.anonation -->
