<?xml version="1.0" encoding="UTF-8"?>
<!-- Generated by org.testng.reporters.JUnitReportReporter -->
<testsuite skipped="0" hostname="DESKTOP-VBBRE24" name="Testng.Dataprovider" tests="3" failures="0" timestamp="2020-07-15T11:18:40 IST" time="0.259" errors="0">
  <testcase name="Login" time="0.124" classname="Testng.Dataprovider"/>
  <system-out/>
  <testcase name="Login" time="0.109" classname="Testng.Dataprovider"/>
  <system-out/>
  <testcase name="Login" time="0.026" classname="Testng.Dataprovider"/>
  <system-out/>
</testsuite> <!-- Testng.Dataprovider -->
